
ROM used:   450/8192 (5%)
            450/8192 (5%) including unused fragments

            0.5 Average locations per line
            4.9 Average locations per statement

RAM used:   11/368 (3%) at main() level
            16/368 (4%) worst case

Stack used: 4 worst case (4 in main + 0 for interrupts)
Stack size: 8

Lines Stmts  %   Files
----- ----- ---  -----
  151    91 100  mot.c
  768     0   0  C:\Program Files (x86)\PICC\Devices\16f887.h
----- -----
  919    91 Total

Page ROM  %  RAM   Vol Diff  Functions:
---- --- --- ---   --- ----  ----------
0     20   4    1             @delay_ms1
0     14   3    0             @const623
0     61  14    1   505  5.2  nutnhan
0     56  12    2   287  4.2  tvm7d
0     21   5    3             @DIV88
0     31   7    0   145  3.5  dichphai
0     31   7    0   145  3.5  dichtrai
0     31   7    0   145  3.5  dich2phai
0     31   7    0   145  3.5  dich2trai
0     31   7    0   145  3.5  tatdanphai
0     31   7    0   145  3.5  tatdantrai
0     88  20    0   494  2.8  MAIN
 Inline         0             @cinit1

Program metrics:
    Functions               9
    Statements              91
    Comments                133
    Volume (V)              3456
    Difficulty (D)          32.9
    Effort to implement (E) 113722
    Time to implement (T)   1 hours, 45 minutes
    Est Delivered Bugs (B)  1
    Cyclomatic Complexity   20
    Maintainability (MI)    86

 Segment     Used  Free
-----------  ----  ----
00000-00003     4  0  
00004-007FF   446  1598  
00800-00FFF     0  2048  
01000-017FF     0  2048  
01800-01FFF     0  2048  



